CPU ? (): dev: devices inited
CPU ? (): chardev: init
CPU ? (): blkdev: init
CPU ? (): netdev: init
Welcome to                                         
    _   __               __   _  __                
   / | / /____ _ __  __ / /_ (_)/ /__  __ _____    
  /  |/ // __ `// / / // __// // // / / // ___/    
 / /|  // /_/ // /_/ // /_ / // // /_/ /(__  )     
/_/ |_/ \__,_/ \__,_/ \__//_//_/ \__,_//____/  
+===============================================+  
 Kyle C. Hale (c) 2014 | Northwestern University   
+===============================================+  

Detected AuthenticAMD Processor
CPU ? (): DEBUG: Increasing kern end to 0x0042a6d7
BOOTMEM: Setting up boot memory allocator
BOOTMEM: Memory map[0] - [0x00000000 - 0x0009f000] <usable RAM>
BOOTMEM: Memory map[1] - [0x000a0000 - 0x000a0000] <reserved>
BOOTMEM: Memory map[2] - [0x000f0000 - 0x00100000] <reserved>
BOOTMEM: Memory map[3] - [0x00100000 - 0xbffdf000] <usable RAM>
BOOTMEM: Memory map[4] - [0xbffdf000 - 0xc0000000] <reserved>
BOOTMEM: Memory map[5] - [0xfffc0000 - 0x100000000] <reserved>
BOOTMEM: Memory map[6] - [0x100000000 - 0x1040000000] <usable RAM>
BOOTMEM: Detected 65535.519168 MB (33281 pages) of usable System RAM
CPU ? (): DEBUG: Multiboot info size 440B
CPU ? (): DEBUG: Image load base: 0x100040
CPU ? (): DEBUG: Kernel Cmd line: 
CPU ? (): DEBUG: Boot loader: GRUB 2.04
CPU ? (): DEBUG: Unhandled tag type (0xa)
CPU ? (): DEBUG: Found module: 
CPU ? (): DEBUG:   type:     0x00000003
CPU ? (): DEBUG:   size:     0x00000011
CPU ? (): DEBUG:   mod_start 0x0041c000
CPU ? (): DEBUG:   mod_end   0x0042a6d7
CPU ? (): DEBUG:   args:     
CPU ? (): DEBUG: Found symbol table module
CPU ? (): DEBUG: Multiboot2 memory map detected
CPU ? (): DEBUG: ELF size=20, num=0, entsize=0, shndx=0, sechdr=0x003f6760
CPU ? (): DEBUG: Multiboot2 basic meminfo detected
CPU ? (): DEBUG: Boot device: (biosdev=0xe0,slice=4294967295,part=4294967295)
CPU ? (): DEBUG: fb addr: 0x000b8000, fb_width: 80, fb_height: 25
CPU ? (): DEBUG: Old ACPI: rsdp=0x0041b978
ACPI: Parsing ACPI root table (at 0x000f5aa0)
ACPI: RSDP 00000000000f5aa0 00014 (v00 BOCHS )
ACPI: RSDT 00000000bffe1309 00030 (v01 BOCHS  BXPCRSDT 00000001 BXPC 00000001)
ACPI: root table checksum pass
ACPI: FACP 00000000bffe11dd 00074 (v01 BOCHS  BXPCFACP 00000001 BXPC 00000001)
ACPI: APIC 00000000bffe1251 00080 (v01 BOCHS  BXPCAPIC 00000001 BXPC 00000001)
ACPI: HPET 00000000bffe12d1 00038 (v01 BOCHS  BXPCHPET 00000001 BXPC 00000001)
ACPI: Done parsing ACPI root table
SMP: Detected 2 CPUs
NUMA: Parsing ACPI NUMA information...
NUMA: DONE.
CPU ? (): WARNING: NUMA: Associate Domains using ADHOC METHOD
Remapping phys mem [0x00000000 - 0x1040000000] with 2MB pages
CPU ? (): KMEM: Malloc configured to support a maximum of: 0xffff7e000 bytes of physical memory
BOOTMEM: Adding boot memory regions to the kernel memory pool:
BOOTMEM:     [Domain 00 : Region 00] (0.00 MB)
BOOTMEM:     [Domain 00 : Region 01] (2822.766592 MB)
BOOTMEM:     [Domain 00 : Region 02] (65498.251264 MB)
BOOTMEM:     =======
BOOTMEM:     [TOTAL] (68321.17856 MB)
Disabling legacy 8259 PIC
Initializing i8254 PIT
CPU 0 (P 0 "*none*"): dev: Added device with name i8254, type 2, flags 0x0
CPU 0 (P 0 "*none*"): dev: Added device with name ioapic0, type 1, flags 0x0
CPU 0 (P 0 "*none*"): waitqueue: inited
CPU 0 (P 0 "*none*"): future: inited (seeded pool with 256 futures)
CPU 0 (P 0 "*none*"): timer: Timers inited
CPU 0 (P 0 "*none*"): APIC: Detected APIC 0x0 at 1014633600 Hz and cycles per us as 2293 (core at 2293000000 Hz) calibration mode=0
CPU 0 (P 0 "*none*"): APIC: Detected APIC 0x0 CPU cycles per tick as 36 cycles (min was 36)
CPU 0 (P 0 "*none*"): dev: Added device with name apic0, type 1, flags 0x0
CPU 0 (P 0 "*none*"): semaphore: inited
CPU 0 (P 0 "*none*"): msg_queue: inited
CPU 0 (P 0 "*none*"): ps2: init
CPU 0 (P 0 "*none*"): dev: Added device with name ps2-keyboard, type 0, flags 0x0
CPU 0 (P 0 "*none*"): dev: Added device with name ps2-mouse, type 0, flags 0x0
PCI: Probing PCI bus...
PCI: 0000:00:00.0 8086:1237 (rev 2)
PCI: 0000:00:01.0 8086:7000 (rev 0)
PCI: [0000:01.0] Multifunction Device detected
PCI: 0000:00:01.1 8086:7010 (rev 0)
PCI: 0000:00:01.3 8086:7113 (rev 3)
PCI: 0000:00:02.0 1234:1111 (rev 2)
PCI: 0000:00:03.0 8086:100e (rev 3)
CPU 0 (P 0 "*none*"): dev: Added device with name pci0, type 3, flags 0x0
CPU 0 (P 0 "*none*"): dev: Added device with name isa, type 3, flags 0x0
CPU 0 (P 0 "*none*"): Scheduler: Initializing scheduler on BSP
CPU 0 (P 1 "*unnamed*"): group_sched: Inited
BOOTMEM: Reclaiming boot sections and data:
BOOTMEM:     [Boot alloc. page map] (0.4168 MB)
BOOTMEM:     [Boot page tables and stack]     (0.4096 MB)
BOOTMEM:     =======
BOOTMEM:     [TOTAL] (2.113608 MB)
BOOTMEM:     Boot allocation range: 0x00800000-0x17847a00
CPU 0 (P 1 "*unnamed*"): KMEM:    boot range: 0x00800000-0x17847a00   kmem private: 0x00846000-0x17847a00
SMP: Setting up cross-core IPI event queue
CPU 1 (P 0 "*none*"): mtrr: 82 MTRR mismatches detected with corrections attempted (1 default, 80 fixed, 0 smrr, 1 variable)
CPU 1 (P 0 "*none*"): aspace: inited
CPU 1 (P 0 "*none*"): dev: Added device with name apic1, type 1, flags 0x0
MWAIT not supported
CPU 0 (P 1 "*unnamed*"): dev: Added device with name vga, type 0, flags 0x0
CPU 0 (P 1 "*unnamed*"): dev: Added device with name serial-boot, type 0, flags 0x0
CPU 0 (P 1 "*unnamed*"): chardev: register device serial0
CPU 0 (P 1 "*unnamed*"): dev: Added device with name serial0, type 4, flags 0x0
CPU 0 (P 1 "*unnamed*"): chardev: register device serial1
CPU 0 (P 1 "*unnamed*"): dev: Added device with name serial1, type 4, flags 0x0
CPU 0 (P 1 "*unnamed*"): vc: init
List of VCs (space to regenerate, plus for new shell)

a : default
b : system-log
c : vc-list
CPU 0 (P 1 "*unnamed*"): vc: List launched
CPU 0 (P 1 "*unnamed*"): fs: inited
PMC: Initializing PMC subsystem
CPU 0 (P 1 "*unnamed*"): WARNING : PMC: Insufficient AMD PMC support for perf counter subsystem
CPU 0 (P 1 "*unnamed*"): WARNING : PMC: Disabling PMC subsystem
parsing cmdline 
CPU 0 (P 1 "*unnamed*"): Shell root-shell launched on cpu 0 as 0000000000162000
Nautilus boot thread yielding (indefinitely)
root-shell> print_table
map node addr  :  ( real addr  :  allocation_entry addr  ---  ( pointer,  len ))
0000000000101460 : (0000000000101220 : 0000000000101240 --- (ptr: 0000000000101220, len: 8), es : 0)
0000000000101820 : (0000000000101580 : 0000000000101600 --- (ptr: 0000000000101580, len: 96), es : 0)
0000000000101b20 : (0000000000101880 : 0000000000101900 --- (ptr: 0000000000101880, len: 88), es : 0)
0000000000600040 : (0000000000101e00 : 0000000000101e20 --- (ptr: 0000000000101e00, len: 24), es : 0)
0000000000104b80 : (0000000000104900 : 00000000001048e0 --- (ptr: 0000000000104900, len: 120), es : 0)
0000000000105840 : (0000000000105600 : 00000000001054a0 --- (ptr: 0000000000105600, len: 120), es : 0)
0000000000145100 : (0000000000105ec0 : 0000000000105ee0 --- (ptr: 0000000000105ec0, len: 32), es : 0)
0000000000104600 : (0000000000106000 : 00000000001042e0 --- (ptr: 0000000000106000, len: 5136), es : 0)
0000000000101da0 : (0000000000108000 : 0000000000101b80 --- (ptr: 0000000000108000, len: 24656), es : 0)
0000000000600380 : (0000000000110000 : 0000000000600060 --- (ptr: 0000000000110000, len: 24656), es : 0)
0000000000600700 : (0000000000118000 : 00000000006003e0 --- (ptr: 0000000000118000, len: 24656), es : 0)
0000000000300580 : (0000000000120000 : 0000000000300360 --- (ptr: 0000000000120000, len: 24656), es : 0)
0000000000300bc0 : (0000000000128000 : 00000000003008a0 --- (ptr: 0000000000128000, len: 24656), es : 0)
0000000000301200 : (0000000000130000 : 0000000000300ee0 --- (ptr: 0000000000130000, len: 24656), es : 0)
0000000000301840 : (0000000000138000 : 0000000000301520 --- (ptr: 0000000000138000, len: 24656), es : 0)
0000000000105140 : (0000000000140000 : 0000000000104f20 --- (ptr: 0000000000140000, len: 5136), es : 0)
00000000001453c0 : (0000000000145180 : 0000000000145160 --- (ptr: 0000000000145180, len: 40), es : 0)
0000000000145680 : (0000000000145440 : 0000000000145420 --- (ptr: 0000000000145440, len: 48), es : 0)
00000000001459e0 : (00000000001456a0 : 00000000001456c0 --- (ptr: 00000000001456a0, len: 8), es : 0)
0000000000145d60 : (0000000000145b00 : 0000000000145b40 --- (ptr: 0000000000145b00, len: 48), es : 0)
00000000001462a0 : (0000000000146000 : 0000000000145e80 --- (ptr: 0000000000146000, len: 424), es : 0)
0000000000146560 : (0000000000146300 : 0000000000146340 --- (ptr: 0000000000146300, len: 40), es : 0)
0000000000146800 : (00000000001465c0 : 00000000001465e0 --- (ptr: 00000000001465c0, len: 32), es : 0)
0000000000146ac0 : (0000000000146880 : 0000000000146860 --- (ptr: 0000000000146880, len: 40), es : 0)
0000000000146d60 : (0000000000146b20 : 0000000000146b40 --- (ptr: 0000000000146b20, len: 32), es : 0)
0000000000147000 : (0000000000146dc0 : 0000000000146de0 --- (ptr: 0000000000146dc0, len: 16), es : 0)
00000000001472c0 : (0000000000147080 : 0000000000147060 --- (ptr: 0000000000147080, len: 48), es : 0)
0000000000147800 : (0000000000147400 : 00000000001472e0 --- (ptr: 0000000000147400, len: 424), es : 0)
0000000000147ac0 : (0000000000147880 : 0000000000147860 --- (ptr: 0000000000147880, len: 40), es : 0)
0000000000147d60 : (0000000000147b20 : 0000000000147b40 --- (ptr: 0000000000147b20, len: 32), es : 0)
00000000001600e0 : (0000000000147e80 : 0000000000147ec0 --- (ptr: 0000000000147e80, len: 48), es : 0)
0000000000105480 : (0000000000148000 : 0000000000105160 --- (ptr: 0000000000148000, len: 24656), es : 0)
0000000000105ac0 : (0000000000150000 : 00000000001058a0 --- (ptr: 0000000000150000, len: 24656), es : 0)
0000000000105e40 : (0000000000158000 : 0000000000105b20 --- (ptr: 0000000000158000, len: 24656), es : 0)
0000000000160c80 : (0000000000160a00 : 00000000001609e0 --- (ptr: 0000000000160a00, len: 120), es : 0)
0000000000161280 : (0000000000160f40 : 0000000000160f20 --- (ptr: 0000000000160f40, len: 40), es : 0)
0000000000161700 : (0000000000161400 : 00000000001612e0 --- (ptr: 0000000000161400, len: 320), es : 0)
0000000000161b80 : (0000000000161800 : 0000000000161760 --- (ptr: 0000000000161800, len: 320), es : 0)
0000000000161e80 : (0000000000161c00 : 0000000000161be0 --- (ptr: 0000000000161c00, len: 72), es : 0)
0000000000160700 : (0000000000164000 : 00000000001604e0 --- (ptr: 0000000000164000, len: 5136), es : 0)
00000000001663c0 : (0000000000166000 : 0000000000161ea0 --- (ptr: 0000000000166000, len: 320), es : 0)
0000000000166840 : (0000000000166600 : 0000000000166420 --- (ptr: 0000000000166600, len: 320), es : 0)
0000000000166cc0 : (0000000000166a00 : 00000000001668a0 --- (ptr: 0000000000166a00, len: 320), es : 0)
0000000000167200 : (0000000000166e00 : 0000000000166ce0 --- (ptr: 0000000000166e00, len: 320), es : 0)
0000000000167740 : (0000000000167400 : 0000000000167220 --- (ptr: 0000000000167400, len: 320), es : 0)
0000000000167a40 : (0000000000167800 : 00000000001677a0 --- (ptr: 0000000000167800, len: 72), es : 0)
0000000000167f80 : (0000000000167c00 : 0000000000167a60 --- (ptr: 0000000000167c00, len: 320), es : 0)
0000000000160460 : (0000000000168000 : 0000000000160140 --- (ptr: 0000000000168000, len: 24656), es : 0)
0000000000160980 : (0000000000170000 : 0000000000160760 --- (ptr: 0000000000170000, len: 24656), es : 0)
0000000000160f00 : (0000000000178000 : 0000000000160ce0 --- (ptr: 0000000000178000, len: 24656), es : 0)
0000000000180400 : (0000000000180000 : 0000000000167fe0 --- (ptr: 0000000000180000, len: 320), es : 0)
0000000000180880 : (0000000000180600 : 0000000000180460 --- (ptr: 0000000000180600, len: 320), es : 0)
0000000000180dc0 : (0000000000180a00 : 00000000001808a0 --- (ptr: 0000000000180a00, len: 320), es : 0)
0000000000181300 : (0000000000181000 : 0000000000180de0 --- (ptr: 0000000000181000, len: 320), es : 0)
0000000000181600 : (0000000000181380 : 0000000000181360 --- (ptr: 0000000000181380, len: 72), es : 0)
0000000000181a80 : (0000000000181800 : 0000000000181660 --- (ptr: 0000000000181800, len: 320), es : 0)
0000000000181fc0 : (0000000000181c00 : 0000000000181aa0 --- (ptr: 0000000000181c00, len: 320), es : 0)
0000000000182500 : (0000000000182200 : 0000000000181fe0 --- (ptr: 0000000000182200, len: 320), es : 0)
0000000000182980 : (0000000000182600 : 0000000000182560 --- (ptr: 0000000000182600, len: 320), es : 0)
0000000000182ec0 : (0000000000182c00 : 00000000001829a0 --- (ptr: 0000000000182c00, len: 320), es : 0)
00000000001831c0 : (0000000000182f80 : 0000000000182f20 --- (ptr: 0000000000182f80, len: 72), es : 0)
0000000000183640 : (0000000000183400 : 0000000000183220 --- (ptr: 0000000000183400, len: 320), es : 0)
0000000000183b80 : (0000000000183800 : 0000000000183660 --- (ptr: 0000000000183800, len: 320), es : 0)
0000000000183f40 : (0000000000183d00 : 0000000000183ba0 --- (ptr: 0000000000183d00, len: 72), es : 0)
00000000001843c0 : (0000000000184000 : 0000000000183fa0 --- (ptr: 0000000000184000, len: 320), es : 0)
0000000000184840 : (0000000000184600 : 0000000000184420 --- (ptr: 0000000000184600, len: 320), es : 0)
0000000000184cc0 : (0000000000184a00 : 00000000001848a0 --- (ptr: 0000000000184a00, len: 320), es : 0)
0000000000184fc0 : (0000000000184d80 : 0000000000184d20 --- (ptr: 0000000000184d80, len: 72), es : 0)
0000000000185500 : (0000000000185200 : 0000000000184fe0 --- (ptr: 0000000000185200, len: 320), es : 0)
0000000000185980 : (0000000000185600 : 0000000000185560 --- (ptr: 0000000000185600, len: 320), es : 0)
0000000000185e00 : (0000000000185a00 : 00000000001859e0 --- (ptr: 0000000000185a00, len: 320), es : 0)
0000000000186340 : (0000000000186000 : 0000000000185e20 --- (ptr: 0000000000186000, len: 320), es : 0)
0000000000186700 : (0000000000186480 : 0000000000186360 --- (ptr: 0000000000186480, len: 72), es : 0)
0000000000186b80 : (0000000000186800 : 0000000000186760 --- (ptr: 0000000000186800, len: 320), es : 0)
00000000001870c0 : (0000000000186e00 : 0000000000186ba0 --- (ptr: 0000000000186e00, len: 320), es : 0)
00000000001873c0 : (0000000000187180 : 0000000000187120 --- (ptr: 0000000000187180, len: 72), es : 0)
0000000000187840 : (0000000000187600 : 0000000000187420 --- (ptr: 0000000000187600, len: 320), es : 0)
0000000000187d80 : (0000000000187a00 : 0000000000187860 --- (ptr: 0000000000187a00, len: 320), es : 0)
0000000000188140 : (0000000000187f00 : 0000000000187da0 --- (ptr: 0000000000187f00, len: 72), es : 0)
00000000001885c0 : (0000000000188200 : 00000000001881a0 --- (ptr: 0000000000188200, len: 320), es : 0)
0000000000188b00 : (0000000000188800 : 00000000001885e0 --- (ptr: 0000000000188800, len: 320), es : 0)
0000000000188f80 : (0000000000188c00 : 0000000000188b60 --- (ptr: 0000000000188c00, len: 320), es : 0)
00000000001894c0 : (0000000000189200 : 0000000000188fa0 --- (ptr: 0000000000189200, len: 320), es : 0)
0000000000189a00 : (0000000000189600 : 00000000001894e0 --- (ptr: 0000000000189600, len: 320), es : 0)
0000000000189dc0 : (0000000000189b80 : 0000000000189a20 --- (ptr: 0000000000189b80, len: 72), es : 0)
000000000018a300 : (000000000018a000 : 0000000000189de0 --- (ptr: 000000000018a000, len: 320), es : 0)
000000000018a780 : (000000000018a400 : 000000000018a360 --- (ptr: 000000000018a400, len: 320), es : 0)
000000000018ac00 : (000000000018a800 : 000000000018a7e0 --- (ptr: 000000000018a800, len: 320), es : 0)
000000000018b140 : (000000000018ae00 : 000000000018ac20 --- (ptr: 000000000018ae00, len: 320), es : 0)
000000000018b440 : (000000000018b200 : 000000000018b1a0 --- (ptr: 000000000018b200, len: 72), es : 0)
000000000018b980 : (000000000018b600 : 000000000018b460 --- (ptr: 000000000018b600, len: 320), es : 0)
000000000018bec0 : (000000000018bc00 : 000000000018b9a0 --- (ptr: 000000000018bc00, len: 320), es : 0)
000000000018c340 : (000000000018c000 : 000000000018bf20 --- (ptr: 000000000018c000, len: 320), es : 0)
000000000018c7c0 : (000000000018c400 : 000000000018c3a0 --- (ptr: 000000000018c400, len: 320), es : 0)
000000000018cd00 : (000000000018ca00 : 000000000018c7e0 --- (ptr: 000000000018ca00, len: 320), es : 0)
000000000018d180 : (000000000018ce00 : 000000000018cd60 --- (ptr: 000000000018ce00, len: 320), es : 0)
000000000018d480 : (000000000018d200 : 000000000018d1e0 --- (ptr: 000000000018d200, len: 72), es : 0)
000000000018d9c0 : (000000000018d600 : 000000000018d4a0 --- (ptr: 000000000018d600, len: 320), es : 0)
000000000018df00 : (000000000018dc00 : 000000000018d9e0 --- (ptr: 000000000018dc00, len: 320), es : 0)
000000000018e380 : (000000000018e000 : 000000000018df60 --- (ptr: 000000000018e000, len: 320), es : 0)
000000000018e8c0 : (000000000018e600 : 000000000018e3a0 --- (ptr: 000000000018e600, len: 320), es : 0)
000000000018ebc0 : (000000000018e980 : 000000000018e920 --- (ptr: 000000000018e980, len: 72), es : 0)
000000000018f040 : (000000000018ee00 : 000000000018ec20 --- (ptr: 000000000018ee00, len: 320), es : 0)
000000000018f4c0 : (000000000018f200 : 000000000018f0a0 --- (ptr: 000000000018f200, len: 320), es : 0)
000000000018f940 : (000000000018f600 : 000000000018f520 --- (ptr: 000000000018f600, len: 320), es : 0)
000000000018fdc0 : (000000000018fa00 : 000000000018f9a0 --- (ptr: 000000000018fa00, len: 320), es : 0)
0000000000190180 : (000000000018ff00 : 000000000018fde0 --- (ptr: 000000000018ff00, len: 72), es : 0)
0000000000190600 : (0000000000190200 : 00000000001901e0 --- (ptr: 0000000000190200, len: 320), es : 0)
0000000000190a80 : (0000000000190800 : 0000000000190660 --- (ptr: 0000000000190800, len: 320), es : 0)
0000000000190fc0 : (0000000000190c00 : 0000000000190aa0 --- (ptr: 0000000000190c00, len: 320), es : 0)
00000000001912c0 : (0000000000191080 : 0000000000191020 --- (ptr: 0000000000191080, len: 72), es : 0)
0000000000191740 : (0000000000191400 : 0000000000191320 --- (ptr: 0000000000191400, len: 320), es : 0)
0000000000191bc0 : (0000000000191800 : 00000000001917a0 --- (ptr: 0000000000191800, len: 320), es : 0)
0000000000192100 : (0000000000191e00 : 0000000000191be0 --- (ptr: 0000000000191e00, len: 320), es : 0)
00000000001924c0 : (0000000000192280 : 0000000000192120 --- (ptr: 0000000000192280, len: 72), es : 0)
0000000000192a00 : (0000000000192600 : 00000000001924e0 --- (ptr: 0000000000192600, len: 320), es : 0)
0000000000192e80 : (0000000000192c00 : 0000000000192a60 --- (ptr: 0000000000192c00, len: 320), es : 0)
0000000000193300 : (0000000000193000 : 0000000000192ee0 --- (ptr: 0000000000193000, len: 320), es : 0)
0000000000193780 : (0000000000193400 : 0000000000193360 --- (ptr: 0000000000193400, len: 320), es : 0)
0000000000193cc0 : (0000000000193a00 : 00000000001937a0 --- (ptr: 0000000000193a00, len: 320), es : 0)
0000000000194140 : (0000000000193e00 : 0000000000193d20 --- (ptr: 0000000000193e00, len: 320), es : 0)
0000000000194440 : (0000000000194200 : 00000000001941a0 --- (ptr: 0000000000194200, len: 72), es : 0)
0000000000194740 : (0000000000194500 : 00000000001944a0 --- (ptr: 0000000000194500, len: 72), es : 0)
0000000000194c00 : (0000000000194800 : 0000000000194760 --- (ptr: 0000000000194800, len: 320), es : 0)
0000000000195140 : (0000000000194e00 : 0000000000194c20 --- (ptr: 0000000000194e00, len: 320), es : 0)
0000000000195500 : (0000000000195280 : 0000000000195160 --- (ptr: 0000000000195280, len: 72), es : 0)
0000000000195980 : (0000000000195600 : 0000000000195560 --- (ptr: 0000000000195600, len: 320), es : 0)
0000000000195e00 : (0000000000195a00 : 00000000001959e0 --- (ptr: 0000000000195a00, len: 320), es : 0)
0000000000196280 : (0000000000196000 : 0000000000195e60 --- (ptr: 0000000000196000, len: 320), es : 0)
0000000000196640 : (0000000000196400 : 00000000001962a0 --- (ptr: 0000000000196400, len: 72), es : 0)
0000000000196ac0 : (0000000000196800 : 00000000001966a0 --- (ptr: 0000000000196800, len: 320), es : 0)
0000000000196f40 : (0000000000196c00 : 0000000000196b20 --- (ptr: 0000000000196c00, len: 320), es : 0)
0000000000197240 : (0000000000197000 : 0000000000196fa0 --- (ptr: 0000000000197000, len: 72), es : 0)
0000000000197700 : (0000000000197400 : 0000000000197260 --- (ptr: 0000000000197400, len: 320), es : 0)
0000000000197c40 : (0000000000197a00 : 0000000000197720 --- (ptr: 0000000000197a00, len: 320), es : 0)
00000000001980c0 : (0000000000197e00 : 0000000000197ca0 --- (ptr: 0000000000197e00, len: 320), es : 0)
0000000000198540 : (0000000000198200 : 0000000000198120 --- (ptr: 0000000000198200, len: 320), es : 0)
00000000001989c0 : (0000000000198600 : 00000000001985a0 --- (ptr: 0000000000198600, len: 320), es : 0)
0000000000198e40 : (0000000000198c00 : 0000000000198a20 --- (ptr: 0000000000198c00, len: 320), es : 0)
00000000001992c0 : (0000000000199000 : 0000000000198ea0 --- (ptr: 0000000000199000, len: 320), es : 0)
00000000001995c0 : (0000000000199380 : 0000000000199320 --- (ptr: 0000000000199380, len: 72), es : 0)
0000000000199b00 : (0000000000199800 : 00000000001995e0 --- (ptr: 0000000000199800, len: 320), es : 0)
0000000000199f80 : (0000000000199c00 : 0000000000199b60 --- (ptr: 0000000000199c00, len: 320), es : 0)
000000000019a340 : (000000000019a100 : 0000000000199fa0 --- (ptr: 000000000019a100, len: 72), es : 0)
000000000019a880 : (000000000019a600 : 000000000019a360 --- (ptr: 000000000019a600, len: 320), es : 0)
000000000019adc0 : (000000000019aa00 : 000000000019a8a0 --- (ptr: 000000000019aa00, len: 320), es : 0)
000000000019b240 : (000000000019b000 : 000000000019ae20 --- (ptr: 000000000019b000, len: 320), es : 0)
000000000019b6c0 : (000000000019b400 : 000000000019b2a0 --- (ptr: 000000000019b400, len: 320), es : 0)
000000000019b9c0 : (000000000019b780 : 000000000019b720 --- (ptr: 000000000019b780, len: 72), es : 0)
000000000019be40 : (000000000019bc00 : 000000000019ba20 --- (ptr: 000000000019bc00, len: 320), es : 0)
000000000019c380 : (000000000019c000 : 000000000019be60 --- (ptr: 000000000019c000, len: 320), es : 0)
000000000019c8c0 : (000000000019c600 : 000000000019c3a0 --- (ptr: 000000000019c600, len: 320), es : 0)
000000000019cbc0 : (000000000019c980 : 000000000019c920 --- (ptr: 000000000019c980, len: 72), es : 0)
000000000019d100 : (000000000019ce00 : 000000000019cbe0 --- (ptr: 000000000019ce00, len: 320), es : 0)
000000000019d580 : (000000000019d200 : 000000000019d160 --- (ptr: 000000000019d200, len: 320), es : 0)
000000000019dac0 : (000000000019d800 : 000000000019d5a0 --- (ptr: 000000000019d800, len: 320), es : 0)
000000000019de80 : (000000000019dc00 : 000000000019dae0 --- (ptr: 000000000019dc00, len: 72), es : 0)
000000000019e300 : (000000000019e000 : 000000000019dee0 --- (ptr: 000000000019e000, len: 320), es : 0)
000000000019e840 : (000000000019e600 : 000000000019e320 --- (ptr: 000000000019e600, len: 320), es : 0)
000000000019ec00 : (000000000019e980 : 000000000019e860 --- (ptr: 000000000019e980, len: 72), es : 0)
000000000019f080 : (000000000019ee00 : 000000000019ec60 --- (ptr: 000000000019ee00, len: 320), es : 0)
000000000019f500 : (000000000019f200 : 000000000019f0e0 --- (ptr: 000000000019f200, len: 320), es : 0)
000000000019fa40 : (000000000019f800 : 000000000019f520 --- (ptr: 000000000019f800, len: 320), es : 0)
000000000019fec0 : (000000000019fc00 : 000000000019faa0 --- (ptr: 000000000019fc00, len: 320), es : 0)
00000000001a0400 : (00000000001a0000 : 000000000019fee0 --- (ptr: 00000000001a0000, len: 320), es : 0)
00000000001a0880 : (00000000001a0600 : 00000000001a0460 --- (ptr: 00000000001a0600, len: 320), es : 0)
00000000001a0d00 : (00000000001a0a00 : 00000000001a08e0 --- (ptr: 00000000001a0a00, len: 320), es : 0)
00000000001a10c0 : (00000000001a0e80 : 00000000001a0d20 --- (ptr: 00000000001a0e80, len: 72), es : 0)
00000000001a1540 : (00000000001a1200 : 00000000001a1120 --- (ptr: 00000000001a1200, len: 320), es : 0)
00000000001a19c0 : (00000000001a1600 : 00000000001a15a0 --- (ptr: 00000000001a1600, len: 320), es : 0)
00000000001a1f00 : (00000000001a1c00 : 00000000001a19e0 --- (ptr: 00000000001a1c00, len: 320), es : 0)
00000000001a2380 : (00000000001a2000 : 00000000001a1f60 --- (ptr: 00000000001a2000, len: 320), es : 0)
00000000001a28c0 : (00000000001a2600 : 00000000001a23a0 --- (ptr: 00000000001a2600, len: 320), es : 0)
00000000001a2e00 : (00000000001a2a00 : 00000000001a28e0 --- (ptr: 00000000001a2a00, len: 320), es : 0)
00000000001a31c0 : (00000000001a2f80 : 00000000001a2e20 --- (ptr: 00000000001a2f80, len: 72), es : 0)
00000000001a3700 : (00000000001a3400 : 00000000001a31e0 --- (ptr: 00000000001a3400, len: 320), es : 0)
00000000001a3b80 : (00000000001a3800 : 00000000001a3760 --- (ptr: 00000000001a3800, len: 320), es : 0)
00000000001a4000 : (00000000001a3c00 : 00000000001a3be0 --- (ptr: 00000000001a3c00, len: 320), es : 0)
00000000001a4480 : (00000000001a4200 : 00000000001a4060 --- (ptr: 00000000001a4200, len: 320), es : 0)
00000000001a4900 : (00000000001a4600 : 00000000001a44e0 --- (ptr: 00000000001a4600, len: 320), es : 0)
00000000001a4d80 : (00000000001a4a00 : 00000000001a4960 --- (ptr: 00000000001a4a00, len: 320), es : 0)
00000000001a5080 : (00000000001a4e00 : 00000000001a4de0 --- (ptr: 00000000001a4e00, len: 72), es : 0)
00000000001a5500 : (00000000001a5200 : 00000000001a50e0 --- (ptr: 00000000001a5200, len: 320), es : 0)
00000000001a5980 : (00000000001a5600 : 00000000001a5560 --- (ptr: 00000000001a5600, len: 320), es : 0)
00000000001a5c80 : (00000000001a5a00 : 00000000001a59e0 --- (ptr: 00000000001a5a00, len: 72), es : 0)
00000000001a6100 : (00000000001a5e00 : 00000000001a5ce0 --- (ptr: 00000000001a5e00, len: 320), es : 0)
00000000001a6640 : (00000000001a6400 : 00000000001a6120 --- (ptr: 00000000001a6400, len: 320), es : 0)
00000000001a6b80 : (00000000001a6800 : 00000000001a6660 --- (ptr: 00000000001a6800, len: 320), es : 0)
00000000001a70c0 : (00000000001a6e00 : 00000000001a6ba0 --- (ptr: 00000000001a6e00, len: 320), es : 0)
00000000001a73c0 : (00000000001a7180 : 00000000001a7120 --- (ptr: 00000000001a7180, len: 72), es : 0)
00000000001a7840 : (00000000001a7600 : 00000000001a7420 --- (ptr: 00000000001a7600, len: 320), es : 0)
00000000001a7cc0 : (00000000001a7a00 : 00000000001a78a0 --- (ptr: 00000000001a7a00, len: 320), es : 0)
00000000001a8080 : (00000000001a7e00 : 00000000001a7ce0 --- (ptr: 00000000001a7e00, len: 72), es : 0)
00000000001a8500 : (00000000001a8200 : 00000000001a80e0 --- (ptr: 00000000001a8200, len: 320), es : 0)
00000000001a8980 : (00000000001a8600 : 00000000001a8560 --- (ptr: 00000000001a8600, len: 320), es : 0)
00000000001a8c80 : (00000000001a8a00 : 00000000001a89e0 --- (ptr: 00000000001a8a00, len: 72), es : 0)
00000000001a9100 : (00000000001a8e00 : 00000000001a8ce0 --- (ptr: 00000000001a8e00, len: 320), es : 0)
00000000001a9580 : (00000000001a9200 : 00000000001a9160 --- (ptr: 00000000001a9200, len: 320), es : 0)
00000000001a9a00 : (00000000001a9600 : 00000000001a95e0 --- (ptr: 00000000001a9600, len: 320), es : 0)
00000000001a9f40 : (00000000001a9c00 : 00000000001a9a20 --- (ptr: 00000000001a9c00, len: 320), es : 0)
00000000001aa300 : (00000000001aa080 : 00000000001a9f60 --- (ptr: 00000000001aa080, len: 72), es : 0)
00000000001aa780 : (00000000001aa400 : 00000000001aa360 --- (ptr: 00000000001aa400, len: 320), es : 0)
00000000001aacc0 : (00000000001aaa00 : 00000000001aa7a0 --- (ptr: 00000000001aaa00, len: 320), es : 0)
00000000001ab140 : (00000000001aae00 : 00000000001aad20 --- (ptr: 00000000001aae00, len: 320), es : 0)
00000000001ab680 : (00000000001ab400 : 00000000001ab160 --- (ptr: 00000000001ab400, len: 320), es : 0)
00000000001ab980 : (00000000001ab700 : 00000000001ab6e0 --- (ptr: 00000000001ab700, len: 72), es : 0)
00000000001abe00 : (00000000001aba00 : 00000000001ab9e0 --- (ptr: 00000000001aba00, len: 320), es : 0)
00000000001ac280 : (00000000001ac000 : 00000000001abe60 --- (ptr: 00000000001ac000, len: 320), es : 0)
00000000001ac700 : (00000000001ac400 : 00000000001ac2e0 --- (ptr: 00000000001ac400, len: 320), es : 0)
00000000001acb80 : (00000000001ac800 : 00000000001ac760 --- (ptr: 00000000001ac800, len: 320), es : 0)
00000000001ad0c0 : (00000000001ace00 : 00000000001acba0 --- (ptr: 00000000001ace00, len: 320), es : 0)
00000000001ad600 : (00000000001ad200 : 00000000001ad0e0 --- (ptr: 00000000001ad200, len: 320), es : 0)
00000000001ad9c0 : (00000000001ad780 : 00000000001ad620 --- (ptr: 00000000001ad780, len: 72), es : 0)
00000000001ade40 : (00000000001adc00 : 00000000001ada20 --- (ptr: 00000000001adc00, len: 320), es : 0)
00000000001ae380 : (00000000001ae000 : 00000000001ade60 --- (ptr: 00000000001ae000, len: 320), es : 0)
00000000001ae8c0 : (00000000001ae600 : 00000000001ae3a0 --- (ptr: 00000000001ae600, len: 320), es : 0)
00000000001aee00 : (00000000001aea00 : 00000000001ae8e0 --- (ptr: 00000000001aea00, len: 320), es : 0)
00000000001af100 : (00000000001aee80 : 00000000001aee60 --- (ptr: 00000000001aee80, len: 72), es : 0)
00000000001af640 : (00000000001af400 : 00000000001af120 --- (ptr: 00000000001af400, len: 320), es : 0)
00000000001afac0 : (00000000001af800 : 00000000001af6a0 --- (ptr: 00000000001af800, len: 320), es : 0)
00000000001aff40 : (00000000001afc00 : 00000000001afb20 --- (ptr: 00000000001afc00, len: 320), es : 0)
00000000001b0300 : (00000000001b0080 : 00000000001aff60 --- (ptr: 00000000001b0080, len: 72), es : 0)
00000000001b0780 : (00000000001b0400 : 00000000001b0360 --- (ptr: 00000000001b0400, len: 320), es : 0)
00000000001b0c00 : (00000000001b0800 : 00000000001b07e0 --- (ptr: 00000000001b0800, len: 320), es : 0)
00000000001b1140 : (00000000001b0e00 : 00000000001b0c20 --- (ptr: 00000000001b0e00, len: 320), es : 0)
00000000001b1440 : (00000000001b1200 : 00000000001b11a0 --- (ptr: 00000000001b1200, len: 72), es : 0)
00000000001b18c0 : (00000000001b1600 : 00000000001b14a0 --- (ptr: 00000000001b1600, len: 320), es : 0)
00000000001b1d40 : (00000000001b1a00 : 00000000001b1920 --- (ptr: 00000000001b1a00, len: 320), es : 0)
00000000001b2280 : (00000000001b2000 : 00000000001b1d60 --- (ptr: 00000000001b2000, len: 320), es : 0)
00000000001b2580 : (00000000001b2300 : 00000000001b22e0 --- (ptr: 00000000001b2300, len: 72), es : 0)
00000000001b2ac0 : (00000000001b2800 : 00000000001b25a0 --- (ptr: 00000000001b2800, len: 320), es : 0)
00000000001b2f40 : (00000000001b2c00 : 00000000001b2b20 --- (ptr: 00000000001b2c00, len: 320), es : 0)
00000000001b3240 : (00000000001b3000 : 00000000001b2fa0 --- (ptr: 00000000001b3000, len: 72), es : 0)
00000000001b36c0 : (00000000001b3400 : 00000000001b32a0 --- (ptr: 00000000001b3400, len: 320), es : 0)
00000000001b39c0 : (00000000001b3780 : 00000000001b3720 --- (ptr: 00000000001b3780, len: 72), es : 0)
00000000001b3e40 : (00000000001b3c00 : 00000000001b3a20 --- (ptr: 00000000001b3c00, len: 320), es : 0)
00000000001b4380 : (00000000001b4000 : 00000000001b3e60 --- (ptr: 00000000001b4000, len: 320), es : 0)
00000000001b48c0 : (00000000001b4600 : 00000000001b43a0 --- (ptr: 00000000001b4600, len: 320), es : 0)
00000000001b4d40 : (00000000001b4a00 : 00000000001b4920 --- (ptr: 00000000001b4a00, len: 320), es : 0)
00000000001b51c0 : (00000000001b4e00 : 00000000001b4da0 --- (ptr: 00000000001b4e00, len: 320), es : 0)
00000000001b54c0 : (00000000001b5280 : 00000000001b5220 --- (ptr: 00000000001b5280, len: 72), es : 0)
00000000001b5940 : (00000000001b5600 : 00000000001b5520 --- (ptr: 00000000001b5600, len: 320), es : 0)
00000000001b5e80 : (00000000001b5c00 : 00000000001b5960 --- (ptr: 00000000001b5c00, len: 320), es : 0)
00000000001b6240 : (00000000001b6000 : 00000000001b5ea0 --- (ptr: 00000000001b6000, len: 72), es : 0)
00000000001b66c0 : (00000000001b6400 : 00000000001b62a0 --- (ptr: 00000000001b6400, len: 320), es : 0)
00000000001b6c00 : (00000000001b6800 : 00000000001b66e0 --- (ptr: 00000000001b6800, len: 320), es : 0)
00000000001b7140 : (00000000001b6e00 : 00000000001b6c20 --- (ptr: 00000000001b6e00, len: 320), es : 0)
00000000001b7440 : (00000000001b7200 : 00000000001b71a0 --- (ptr: 00000000001b7200, len: 72), es : 0)
00000000001b78c0 : (00000000001b7600 : 00000000001b74a0 --- (ptr: 00000000001b7600, len: 320), es : 0)
00000000001b7e00 : (00000000001b7a00 : 00000000001b78e0 --- (ptr: 00000000001b7a00, len: 320), es : 0)
00000000001b8280 : (00000000001b8000 : 00000000001b7e60 --- (ptr: 00000000001b8000, len: 320), es : 0)
00000000001b87c0 : (00000000001b8400 : 00000000001b82a0 --- (ptr: 00000000001b8400, len: 320), es : 0)
00000000001b8b80 : (00000000001b8900 : 00000000001b87e0 --- (ptr: 00000000001b8900, len: 72), es : 0)
00000000001b90c0 : (00000000001b8e00 : 00000000001b8ba0 --- (ptr: 00000000001b8e00, len: 320), es : 0)
00000000001b9540 : (00000000001b9200 : 00000000001b9120 --- (ptr: 00000000001b9200, len: 320), es : 0)
00000000001b9a80 : (00000000001b9800 : 00000000001b9560 --- (ptr: 00000000001b9800, len: 320), es : 0)
00000000001b9f00 : (00000000001b9c00 : 00000000001b9ae0 --- (ptr: 00000000001b9c00, len: 320), es : 0)
00000000001ba440 : (00000000001ba200 : 00000000001b9f20 --- (ptr: 00000000001ba200, len: 320), es : 0)
00000000001ba8c0 : (00000000001ba600 : 00000000001ba4a0 --- (ptr: 00000000001ba600, len: 320), es : 0)
00000000001bad40 : (00000000001baa00 : 00000000001ba920 --- (ptr: 00000000001baa00, len: 320), es : 0)
00000000001bb280 : (00000000001bb000 : 00000000001bad60 --- (ptr: 00000000001bb000, len: 320), es : 0)
00000000001bb7c0 : (00000000001bb400 : 00000000001bb2a0 --- (ptr: 00000000001bb400, len: 320), es : 0)
00000000001bbac0 : (00000000001bb880 : 00000000001bb820 --- (ptr: 00000000001bb880, len: 72), es : 0)
00000000001bc000 : (00000000001bbc00 : 00000000001bbae0 --- (ptr: 00000000001bbc00, len: 320), es : 0)
00000000001bc540 : (00000000001bc200 : 00000000001bc020 --- (ptr: 00000000001bc200, len: 320), es : 0)
00000000001bca80 : (00000000001bc800 : 00000000001bc560 --- (ptr: 00000000001bc800, len: 320), es : 0)
00000000001bcf00 : (00000000001bcc00 : 00000000001bcae0 --- (ptr: 00000000001bcc00, len: 320), es : 0)
00000000001bd440 : (00000000001bd200 : 00000000001bcf20 --- (ptr: 00000000001bd200, len: 320), es : 0)
00000000001bd980 : (00000000001bd600 : 00000000001bd460 --- (ptr: 00000000001bd600, len: 320), es : 0)
00000000001bdec0 : (00000000001bdc00 : 00000000001bd9a0 --- (ptr: 00000000001bdc00, len: 320), es : 0)
00000000001be280 : (00000000001be000 : 00000000001bdee0 --- (ptr: 00000000001be000, len: 72), es : 0)
00000000001be700 : (00000000001be400 : 00000000001be2e0 --- (ptr: 00000000001be400, len: 320), es : 0)
00000000001beb80 : (00000000001be800 : 00000000001be760 --- (ptr: 00000000001be800, len: 320), es : 0)
00000000001bf0c0 : (00000000001bee00 : 00000000001beba0 --- (ptr: 00000000001bee00, len: 320), es : 0)
00000000001bf600 : (00000000001bf200 : 00000000001bf0e0 --- (ptr: 00000000001bf200, len: 320), es : 0)
00000000001bfb40 : (00000000001bf800 : 00000000001bf620 --- (ptr: 00000000001bf800, len: 320), es : 0)
00000000001c0080 : (00000000001bfe00 : 00000000001bfb60 --- (ptr: 00000000001bfe00, len: 320), es : 0)
00000000001c0500 : (00000000001c0200 : 00000000001c00e0 --- (ptr: 00000000001c0200, len: 320), es : 0)
00000000001c0980 : (00000000001c0600 : 00000000001c0560 --- (ptr: 00000000001c0600, len: 320), es : 0)
00000000001c0ec0 : (00000000001c0c00 : 00000000001c09a0 --- (ptr: 00000000001c0c00, len: 320), es : 0)
00000000001c11c0 : (00000000001c0f80 : 00000000001c0f20 --- (ptr: 00000000001c0f80, len: 72), es : 0)
00000000001c1640 : (00000000001c1400 : 00000000001c1220 --- (ptr: 00000000001c1400, len: 320), es : 0)
00000000001c1ac0 : (00000000001c1800 : 00000000001c16a0 --- (ptr: 00000000001c1800, len: 320), es : 0)
00000000001c2000 : (00000000001c1c00 : 00000000001c1ae0 --- (ptr: 00000000001c1c00, len: 320), es : 0)
00000000001c2480 : (00000000001c2200 : 00000000001c2060 --- (ptr: 00000000001c2200, len: 320), es : 0)
00000000001c29c0 : (00000000001c2600 : 00000000001c24a0 --- (ptr: 00000000001c2600, len: 320), es : 0)
00000000001c2e40 : (00000000001c2c00 : 00000000001c2a20 --- (ptr: 00000000001c2c00, len: 320), es : 0)
00000000001c32c0 : (00000000001c3000 : 00000000001c2ea0 --- (ptr: 00000000001c3000, len: 320), es : 0)
00000000001c3680 : (00000000001c3400 : 00000000001c32e0 --- (ptr: 00000000001c3400, len: 72), es : 0)
00000000001c3bc0 : (00000000001c3800 : 00000000001c36a0 --- (ptr: 00000000001c3800, len: 320), es : 0)
00000000001c4040 : (00000000001c3e00 : 00000000001c3c20 --- (ptr: 00000000001c3e00, len: 320), es : 0)
00000000001c4580 : (00000000001c4200 : 00000000001c4060 --- (ptr: 00000000001c4200, len: 320), es : 0)
00000000001c4940 : (00000000001c4700 : 00000000001c45a0 --- (ptr: 00000000001c4700, len: 72), es : 0)
00000000001c4e80 : (00000000001c4c00 : 00000000001c4960 --- (ptr: 00000000001c4c00, len: 320), es : 0)
00000000001c5300 : (00000000001c5000 : 00000000001c4ee0 --- (ptr: 00000000001c5000, len: 320), es : 0)
00000000001c56c0 : (00000000001c5480 : 00000000001c5320 --- (ptr: 00000000001c5480, len: 72), es : 0)
00000000001c5c00 : (00000000001c5800 : 00000000001c56e0 --- (ptr: 00000000001c5800, len: 320), es : 0)
00000000001c6080 : (00000000001c5e00 : 00000000001c5c60 --- (ptr: 00000000001c5e00, len: 320), es : 0)
00000000001c6500 : (00000000001c6200 : 00000000001c60e0 --- (ptr: 00000000001c6200, len: 320), es : 0)
00000000001c6980 : (00000000001c6600 : 00000000001c6560 --- (ptr: 00000000001c6600, len: 320), es : 0)
00000000001c6e00 : (00000000001c6a00 : 00000000001c69e0 --- (ptr: 00000000001c6a00, len: 320), es : 0)
00000000001c7280 : (00000000001c7000 : 00000000001c6e60 --- (ptr: 00000000001c7000, len: 320), es : 0)
00000000001c7580 : (00000000001c7300 : 00000000001c72e0 --- (ptr: 00000000001c7300, len: 72), es : 0)
00000000001c7ac0 : (00000000001c7800 : 00000000001c75a0 --- (ptr: 00000000001c7800, len: 320), es : 0)
00000000001c8000 : (00000000001c7c00 : 00000000001c7ae0 --- (ptr: 00000000001c7c00, len: 320), es : 0)
00000000001c8480 : (00000000001c8200 : 00000000001c8060 --- (ptr: 00000000001c8200, len: 320), es : 0)
00000000001c8900 : (00000000001c8600 : 00000000001c84e0 --- (ptr: 00000000001c8600, len: 320), es : 0)
00000000001c8e40 : (00000000001c8c00 : 00000000001c8920 --- (ptr: 00000000001c8c00, len: 320), es : 0)
00000000001c9380 : (00000000001c9000 : 00000000001c8e60 --- (ptr: 00000000001c9000, len: 320), es : 0)
00000000001c98c0 : (00000000001c9600 : 00000000001c93a0 --- (ptr: 00000000001c9600, len: 320), es : 0)
00000000001c9e00 : (00000000001c9a00 : 00000000001c98e0 --- (ptr: 00000000001c9a00, len: 320), es : 0)
00000000001ca100 : (00000000001c9e80 : 00000000001c9e60 --- (ptr: 00000000001c9e80, len: 72), es : 0)
00000000001ca640 : (00000000001ca400 : 00000000001ca120 --- (ptr: 00000000001ca400, len: 320), es : 0)
00000000001cab80 : (00000000001ca800 : 00000000001ca660 --- (ptr: 00000000001ca800, len: 320), es : 0)
00000000001cb0c0 : (00000000001cae00 : 00000000001caba0 --- (ptr: 00000000001cae00, len: 320), es : 0)
00000000001cb600 : (00000000001cb200 : 00000000001cb0e0 --- (ptr: 00000000001cb200, len: 320), es : 0)
00000000001cbb40 : (00000000001cb800 : 00000000001cb620 --- (ptr: 00000000001cb800, len: 320), es : 0)
00000000001cc080 : (00000000001cbe00 : 00000000001cbb60 --- (ptr: 00000000001cbe00, len: 320), es : 0)
00000000001cc540 : (00000000001cc200 : 00000000001cc0a0 --- (ptr: 00000000001cc200, len: 320), es : 0)
00000000001cca80 : (00000000001cc800 : 00000000001cc560 --- (ptr: 00000000001cc800, len: 320), es : 0)
00000000001ccfc0 : (00000000001ccc00 : 00000000001ccaa0 --- (ptr: 00000000001ccc00, len: 320), es : 0)
0000000000300300 : (0000000000300080 : 0000000000600fe0 --- (ptr: 0000000000300080, len: 88), es : 0)
0000000000300880 : (0000000000300600 : 00000000003005e0 --- (ptr: 0000000000300600, len: 88), es : 0)
0000000000300ec0 : (0000000000300c80 : 0000000000300c20 --- (ptr: 0000000000300c80, len: 88), es : 0)
0000000000301500 : (0000000000301280 : 0000000000301260 --- (ptr: 0000000000301280, len: 88), es : 0)
0000000000104040 : (0000000000301e00 : 0000000000301da0 --- (ptr: 0000000000301e00, len: 120), es : 0)
0000000000301ac0 : (0000000000302000 : 00000000003018a0 --- (ptr: 0000000000302000, len: 5136), es : 0)
00000000006009c0 : (0000000000600780 : 00000000006007a0 --- (ptr: 0000000000600780, len: 32), es : 0)
0000000000600c60 : (0000000000600a20 : 0000000000600a40 --- (ptr: 0000000000600a20, len: 12), es : 0)
0000000000600fc0 : (0000000000600d80 : 0000000000600da0 --- (ptr: 0000000000600d80, len: 8), es : 0)
0000000000301d40 : (00000000bf660000 : 0000000000301b20 --- (ptr: 00000000bf660000, len: 24656), es : 0)
00000000001042c0 : (00000000bf668000 : 00000000001040a0 --- (ptr: 00000000bf668000, len: 24656), es : 0)
0000000000104880 : (00000000bf670000 : 0000000000104660 --- (ptr: 00000000bf670000, len: 24656), es : 0)
0000000000104ec0 : (00000000bf678000 : 0000000000104ba0 --- (ptr: 00000000bf678000, len: 24656), es : 0)
00000000bfa05f20 : (00000000bfa05ce0 : 00000000bfa05d00 --- (ptr: 00000000bfa05ce0, len: 24), es : 0)
00000000001011c0 : (00000000bfa05f80 : 00000000bfa05fa0 --- (ptr: 00000000bfa05f80, len: 12), es : 0)
00000000bfa05c80 : (fffffff8bf9ffbb0 : 00000000bfa05860 --- (ptr: fffffff8bf9ffbb0, len: 34359738368), es : 0)
Number of escapes in escape window: 53252
root-shell> carat_test 1cmemi i ii
Don't understand "memi"
root-shell> kemhelp

Available commands:

  ases [detail]
  asis
  attach
  blktest dev r|w start count
  burn a name size_ms tpr priority
  burn s name size_ms tpr phase size deadline priority
  burn p name size_ms tpr phase period slice
  carat_test
  cat [path]
  chartest dev r|w count
  cores [n]
  cpuid [sub] f [n]
  delay us
  devs
  exit
  fses
  futuretest
  grouptest
  help [cmd (or substring)]
  history [substr | n]
  in [bwd] addr
  int [cpu] v
  ioapic <list|dump> | ioapic num <pin|all> <mask|unmask>
  ipitest type (oneway | roundtrip | broadcast) trials [-f <filename>] [-s <src_id> | all] [-d <dst_id> | all]
  map
  mem x n [s]
  meminfo [detail]
  mqs
  mt addr
  mtrrs [cpu]
  net ...
  ofs
  out [bwd] addr data
  pci list | pci raw/dev bus slot func | pci dev [bus slot func]
  pci peek|poke bus slot func off [val] | pci cfg bus slot func
  peek [bwdq] x
  pmctest id
  poke [bwdq] x y
  print_table
  prog run | prog info
  rdmsr x [n]
  reap
  regs [t]
  run path
  sems
  shell name
  sleep us
  slist
  stop
  tasktest
  threads [n]
  threadtest
  time [n]
  timers
  udpecho nic [ip port num]
  vcs
  wqs
  wrmsr x y

root-shell> meminfo
pool 0 (null)-0000000000100000 0 blks free 0 bytes free
  32 bytes min 0 bytes max
pool 1 0000000000100000-0000000100100000 20 blks free 2800411424 bytes free
  32 bytes min 1073741824 bytes max
pool 2 0000000100000000-0000001100000000 5 blks free 65498251264 bytes free
  32 bytes min 34359738368 bytes max
3 pools 25 blks free 68298662688 bytes free
  32 bytes min 34359738368 bytes max
PANIC at src/aspace/carat/runtime_tables.c(305): nk_carat_instrument_free: REMOVE_ENTRY failed on address 0x001d1c00
