Annotated: _carat_create_allocation_entry
Annotated: _carat_does_alias
Annotated: _carat_get_query_offset
Annotated: _carat_find_allocation_entry
Annotated: nk_carat_report_statistics
Annotated: nk_carat_instrument_malloc
Annotated: nk_carat_instrument_calloc
Annotated: nk_carat_instrument_realloc
Annotated: nk_carat_instrument_free
Annotated: nk_carat_instrument_escapes
Annotated: _carat_process_escape_window
Annotated: _carat_get_rsp
Annotated: nk_carat_init
Annotated: _carat_patch_escapes
Annotated: _carat_cleanup
Annotated: nk_carat_move_allocation
Annotated: nk_carat_move_allocations
Annotated: nk_carat_move_region
Annotated: _carat_find_random_alloc
Annotated: _carat_patch_thread_registers
Annotated: __carat_print_registers
Annotated: handle_print_table
Now intrinsics!
llvm.dbg.declare
llvm.dbg.value
llvm.lifetime.start.p0i8
llvm.dbg.label
llvm.lifetime.end.p0i8
llvm.va_start
llvm.va_end
llvm.memset.p0i8.i64
llvm.memcpy.p0i8.p0i8.i64
llvm.prefetch
llvm.frameaddress
llvm.is.constant.i32
llvm.returnaddress
llvm.is.constant.i64
llvm.cttz.i64
llvm.stacksave
llvm.stackrestore
llvm.ctpop.i32
llvm.ctlz.i32
llvm.bswap.i16
llvm.usub.sat.i64
--- Allocation Constructor ---
Skipping global: @__start_shell_cmds = external dso_local global [0 x %struct.shell_cmd_impl*], align 8
Skipping global: @__stop_shell_cmds = external dso_local global [0 x %struct.shell_cmd_impl*], align 8
Skipping global: @__stop_flags = external dso_local global [0 x %struct.nk_cmdline_impl*], align 8
Skipping global: @__start_flags = external dso_local global [0 x %struct.nk_cmdline_impl*], align 8
Skipping global: @__stop_tests = external dso_local global [0 x %struct.nk_test_impl*], align 8
Skipping global: @__start_tests = external dso_local global [0 x %struct.nk_test_impl*], align 8
FI:   tail call void @kmem_free(i8* %182) #24, !dbg !15637
FI:   tail call void @kmem_free(i8* nonnull %2) #24, !dbg !15580
FI:   tail call void @kmem_free(i8* nonnull %47) #24, !dbg !15442
FI:   tail call void @kmem_free(i8* %22) #24, !dbg !15332
FI:   tail call void @kmem_free(i8* %26) #24, !dbg !15337
FI:   tail call void @kmem_free(i8* nonnull %0) #24, !dbg !15374
FI:   call void @kmem_free(i8* nonnull %13) #24, !dbg !15351
FI:   tail call void @kmem_free(i8* %74) #24, !dbg !15471
FI:   call void @kmem_free(i8* nonnull %17) #24, !dbg !15514
FI:   call void @kmem_free(i8* nonnull %17) #24, !dbg !15610
FI:   tail call void @kmem_free(i8* %77) #24, !dbg !15474
FI:   tail call void @kmem_free(i8* nonnull %12) #24, !dbg !15308
FI:   tail call void @kmem_free(i8* %76) #24, !dbg !15325
FI:   tail call void @kmem_free(i8* %80) #24, !dbg !15382
FI:   tail call void @kmem_free(i8* %47) #24, !dbg !15334
FI:   tail call void @kmem_free(i8* %55) #24, !dbg !15340
FI:   tail call void @kmem_free(i8* nonnull %57) #24, !dbg !15343
FI:   tail call void @kmem_free(i8* %29) #24, !dbg !15311
FI:   tail call void @kmem_free(i8* %33) #24, !dbg !15314
FI:   tail call void @kmem_free(i8* nonnull %24) #24, !dbg !15315
FI:   tail call void @kmem_free(i8* %55) #24, !dbg !15329
FI:   tail call void @kmem_free(i8* nonnull %50) #24, !dbg !15332
FI:   tail call void @kmem_free(i8* %67) #24, !dbg !15340
FI:   tail call void @kmem_free(i8* %68) #24, !dbg !15341
FI:   tail call void @kmem_free(i8* %34) #24, !dbg !15301
FI:   tail call void @kmem_free(i8* %80) #24, !dbg !15358
FI:   tail call void @kmem_free(i8* nonnull %4) #24, !dbg !15280
FI:   tail call void @kmem_free(i8* nonnull %146) #24, !dbg !15750
FI:   tail call void @kmem_free(i8* %607) #24, !dbg !15982
FI:   tail call void @kmem_free(i8* %608) #24, !dbg !15983
FI:   tail call void @kmem_free(i8* %144) #24, !dbg !15448
FI:   tail call void @kmem_free(i8* nonnull %0) #24, !dbg !15449
FI:   tail call void @kmem_free(i8* nonnull %3) #24, !dbg !16335
FI:   call void @kmem_free(i8* nonnull %216) #24, !dbg !15545
FI:   tail call void @kmem_free(i8* %36) #24, !dbg !15407
FI:   tail call void @kmem_free(i8* nonnull %2) #24, !dbg !15501
FI:   tail call void @kmem_free(i8* nonnull %2) #24, !dbg !15601
FI:   tail call void @kmem_free(i8* nonnull %2) #24, !dbg !15858
FI:   tail call void @kmem_free(i8* nonnull %2) #24, !dbg !15486
FI:   tail call void @kmem_free(i8* nonnull %35) #24, !dbg !15689
FI:   tail call void @kmem_free(i8* %13) #24, !dbg !15303
FI:   call void @kmem_free(i8* nonnull %6) #24, !dbg !15562
FI:   tail call void @kmem_free(i8* %39) #25, !dbg !15410
FI:   call void @kmem_free(i8* nonnull %37) #24, !dbg !15357
FI:   call void @kmem_free(i8* nonnull %102) #24, !dbg !15480
FI:   call void @kmem_free(i8* nonnull %151) #24, !dbg !15551
FI:   call void @kmem_free(i8* nonnull %198) #24, !dbg !15606
FI:   tail call void @kmem_free(i8* nonnull %0) #24, !dbg !15550
FI:   tail call void @kmem_free(i8* nonnull %94) #24, !dbg !15444
FI:   tail call void @kmem_free(i8* %4) #24, !dbg !15277
FI:   tail call void @kmem_free(i8* nonnull %8) #25, !dbg !15577
FI:   tail call void @kmem_free(i8* %50) #24, !dbg !15410
FI:   tail call void @kmem_free(i8* %26) #24, !dbg !15329
FI:   tail call void @kmem_free(i8* %174) #24, !dbg !15553
FI:   tail call void @kmem_free(i8* %210) #24, !dbg !15594
FI:   call void @kmem_free(i8* %11) #24, !dbg !15717
FI:   call void @kmem_free(i8* nonnull %479) #24, !dbg !16214
FI:   call void @kmem_free(i8* %371) #24, !dbg !16218
FI:   tail call void @kmem_free(i8* nonnull %1) #24, !dbg !15517
FI:   tail call void @kmem_free(i8* nonnull %2) #24, !dbg !16187
FI:   tail call void @kmem_free(i8* nonnull %107) #24, !dbg !15890
FI:   tail call void @kmem_free(i8* nonnull %109) #24, !dbg !15423
FI:   call void @kmem_free(i8* %136) #24, !dbg !15473
FI:   call void @kmem_free(i8* nonnull %181) #24, !dbg !15596
FI:   tail call void @kmem_free(i8* nonnull %133) #24, !dbg !15505
FI:   call void @kmem_free(i8* nonnull %7) #24, !dbg !15572
FI:   tail call void @kmem_free(i8* %144) #24, !dbg !15533
FI:   call void @kmem_free(i8* %59) #24, !dbg !15442
FI:   call void @kmem_free(i8* nonnull %173) #24, !dbg !15999
FI:   call void @kmem_free(i8* nonnull %173) #24, !dbg !16001
FI:   tail call void @kmem_free(i8* %147) #24, !dbg !15607
FI:   tail call void @kmem_free(i8* %36) #24, !dbg !15400
FI:   tail call void @kmem_free(i8* %141) #24, !dbg !15530
FI:   tail call void @kmem_free(i8* %43) #25, !dbg !15418
FI:   call void @kmem_free(i8* nonnull %23) #24, !dbg !15320
FI:   call void @kmem_free(i8* nonnull %27) #24, !dbg !15323
FI:   tail call void @kmem_free(i8* nonnull %2) #24, !dbg !17583
FI:   tail call void @kmem_free(i8* nonnull %2) #24, !dbg !17585
FI:   tail call void @kmem_free(i8* nonnull %2) #24, !dbg !17585
FI:   tail call void @kmem_free(i8* nonnull %2104) #24, !dbg !17597
FI:   tail call void @kmem_free(i8* %2099) #24, !dbg !17600
FI:   tail call void @kmem_free(i8* nonnull %5) #24, !dbg !15289
FI:   tail call void @kmem_free(i8* nonnull %9) #24, !dbg !15292
FI:   call void @kmem_free(i8* nonnull %7) #24, !dbg !15465
FI:   call void @kmem_free(i8* %0) #24, !dbg !16457
FI:   call void @kmem_free(i8* nonnull %85) #24, !dbg !15355
FI:   tail call void @kmem_free(i8* nonnull %8) #25, !dbg !15635
FI:   tail call void @kmem_free(i8* nonnull %282) #25, !dbg !15651
FI:   tail call void @kmem_free(i8* nonnull %287) #25, !dbg !15658
FI:   tail call void @kmem_free(i8* nonnull %8) #25, !dbg !15661
FI:   tail call void @kmem_free(i8* nonnull %117) #25, !dbg !15662
FI:   tail call void @kmem_free(i8* %165) #24, !dbg !15516
FI:   call void @kmem_free(i8* nonnull %67) #24, !dbg !15344
FI:   call void @kmem_free(i8* nonnull %37) #24, !dbg !15336
FI:   call void @kmem_free(i8* nonnull %42) #24, !dbg !15343
FI:   tail call void @kmem_free(i8* nonnull %180) #24, !dbg !15457
FI:   tail call void @kmem_free(i8* nonnull %457) #24, !dbg !15776
FI:   tail call void @kmem_free(i8* nonnull %545) #24, !dbg !15868
FI:   tail call void @kmem_free(i8* nonnull %747) #24, !dbg !16056
FI:   tail call void @kmem_free(i8* nonnull %914) #24, !dbg !16188
FI:   tail call void @kmem_free(i8* nonnull %9) #24, !dbg !15287
FI:   tail call void @kmem_free(i8* nonnull %864) #25, !dbg !16155
FI:   tail call void @kmem_free(i8* nonnull %911) #25, !dbg !16234
FI:   tail call void @kmem_free(i8* nonnull %958) #25, !dbg !16282
FI:   tail call void @kmem_free(i8* nonnull %1003) #25, !dbg !16328
FI:   tail call void @kmem_free(i8* nonnull %1050) #25, !dbg !16376
FI:   tail call void @kmem_free(i8* nonnull %1423) #25, !dbg !16669
FI:   tail call void @kmem_free(i8* nonnull %1535) #25, !dbg !16762
FI:   tail call void @kmem_free(i8* nonnull %1808) #25, !dbg !17091
FI:   tail call void @kmem_free(i8* nonnull %1966) #25, !dbg !17280
FI:   tail call void @kmem_free(i8* nonnull %2426) #25, !dbg !17728
FI:   tail call void @kmem_free(i8* nonnull %2473) #25, !dbg !17776
FI:   tail call void @kmem_free(i8* nonnull %2520) #25, !dbg !17824
FI:   tail call void @kmem_free(i8* nonnull %2568) #25, !dbg !17875
FI:   tail call void @kmem_free(i8* nonnull %2621) #25, !dbg !17923
FI:   tail call void @kmem_free(i8* nonnull %2669) #25, !dbg !17971
FI:   tail call void @kmem_free(i8* nonnull %2717) #25, !dbg !18019
FI:   tail call void @kmem_free(i8* nonnull %2764) #25, !dbg !18067
FI:   tail call void @kmem_free(i8* nonnull %2811) #25, !dbg !18115
FI:   tail call void @kmem_free(i8* nonnull %3109) #25, !dbg !18467
FI:   tail call void @kmem_free(i8* nonnull %3278) #25, !dbg !18568
FI:   tail call void @kmem_free(i8* nonnull %3449) #25, !dbg !18671
FI:   tail call void @kmem_free(i8* nonnull %3524) #25, !dbg !18739
FI:   tail call void @kmem_free(i8* nonnull %3572) #25, !dbg !18787
FI:   tail call void @kmem_free(i8* nonnull %51) #24, !dbg !15340
FI:   tail call void @kmem_free(i8* nonnull %318) #24, !dbg !15707
FI:   tail call void @kmem_free(i8* nonnull %2) #24, !dbg !15302
FI:   tail call void @kmem_free(i8* nonnull %1232) #24, !dbg !16693
FI:   tail call void @kmem_free(i8* nonnull %1442) #24, !dbg !16947
FI:   tail call void @kmem_free(i8* nonnull %1592) #24, !dbg !17109
FI:   tail call void @kmem_free(i8* nonnull %1707) #24, !dbg !17215
FI:   tail call void @kmem_free(i8* nonnull %1830) #24, !dbg !17333
FI:   tail call void @kmem_free(i8* nonnull %1964) #24, !dbg !17458
FI:   tail call void @kmem_free(i8* nonnull %2052) #24, !dbg !17543
FI:   tail call void @kmem_free(i8* nonnull %2135) #24, !dbg !17617
FI:   tail call void @kmem_free(i8* nonnull %2223) #24, !dbg !17696
FI:   tail call void @kmem_free(i8* nonnull %2383) #24, !dbg !17797
FI:   tail call void @kmem_free(i8* nonnull %2484) #24, !dbg !17895
FI:   tail call void @kmem_free(i8* nonnull %2586) #24, !dbg !17987
FI:   tail call void @kmem_free(i8* nonnull %2642) #24, !dbg !18041
FI:   tail call void @kmem_free(i8* nonnull %2687) #24, !dbg !18087
FI:   tail call void @kmem_free(i8* nonnull %2745) #24, !dbg !18146
FI:   tail call void @kmem_free(i8* %.lcssa7) #24, !dbg !15780
FI:   tail call void @kmem_free(i8* %.lcssa6) #24, !dbg !15904
FI:   tail call void @kmem_free(i8* %.lcssa) #24, !dbg !15905
FI:   tail call void @kmem_free(i8* %.lcssa10) #24, !dbg !16090
FI:   tail call void @kmem_free(i8* %.lcssa10) #24, !dbg !16195
FI:   tail call void @kmem_free(i8* %508) #24, !dbg !16196
FI:   tail call void @kmem_free(i8* nonnull %2) #24, !dbg !16011
FI:   tail call void @kmem_free(i8* %36) #24, !dbg !15407
FI:   tail call void @kmem_free(i8* %337) #24, !dbg !15693
FI:   tail call void @kmem_free(i8* %27) #24, !dbg !15345
FI:   call void @kmem_free(i8* %0) #24, !dbg !15315
FI:   tail call void @kmem_free(i8* null) #24, !dbg !15294
FI:   tail call void @kmem_free(i8* nonnull %4) #24, !dbg !15301
FI:   tail call void @kmem_free(i8* null) #24, !dbg !15310
FI:   tail call void @kmem_free(i8* nonnull %15) #24, !dbg !15319
FI:   tail call void @kmem_free(i8* nonnull %15) #24, !dbg !15353
FI:   tail call void @kmem_free(i8* %0) #24, !dbg !15426
FI:   tail call void @kmem_free(i8* %0) #24, !dbg !15280
FI:   call void @kmem_free(i8* nonnull %122) #24, !dbg !15849
FI:   call void @kmem_free(i8* nonnull %15) #24, !dbg !15851
FI:   call void @kmem_free(i8* %661) #24, !dbg !15996
FI:   tail call void @kmem_free(i8* nonnull %2) #24, !dbg !16100
FI:   tail call void @kmem_free(i8* %533) #24, !dbg !15638
FI:   tail call void @kmem_free(i8* %536) #24, !dbg !15648
FI:   tail call void @kmem_free(i8* nonnull %537) #24, !dbg !15657
FI:   tail call void @kmem_free(i8* %635) #24, !dbg !15733
FI:   tail call void @kmem_free(i8* %638) #24, !dbg !15743
FI:   tail call void @kmem_free(i8* nonnull %639) #24, !dbg !15752
FI:   call void @kmem_free(i8* nonnull %9) #24, !dbg !15388
FI:   tail call void @kmem_free(i8* %302) #24, !dbg !15697
FI:   tail call void @kmem_free(i8* %303) #24, !dbg !15703
FI:   tail call void @kmem_free(i8* %13) #24, !dbg !15298
FI:   tail call void @kmem_free(i8* %50) #24, !dbg !15394
FI:   tail call void @kmem_free(i8* nonnull %0) #24, !dbg !15423
FI:   tail call void @kmem_free(i8* %19) #24, !dbg !15331
FI:   call void @kmem_free(i8* %53) #24, !dbg !15375
FI:   tail call void @kmem_free(i8* %119) #25, !dbg !15408
FI:   tail call void @kmem_free(i8* %13) #25, !dbg !15287
FI:   tail call void @kmem_free(i8* %9) #25, !dbg !15279
FI:   tail call void @kmem_free(i8* %10) #25, !dbg !15280
